<?xml version="1.0" encoding="UTF-8"?>
<!-- Generated by org.testng.reporters.JUnitReportReporter -->
<testsuite hostname="Jatins-MacBook-Pro.local" failures="0" tests="1" name="RealTime.AppTest" time="0.006" errors="0" timestamp="2021-07-12T22:34:03 CDT" skipped="0">
  <testcase classname="RealTime.AppTest" name="shouldAnswerWithTrue" time="0.006"/>
  <system-out/>
</testsuite> <!-- RealTime.AppTest -->
