<?xml version="1.0" encoding="UTF-8"?>
<!-- Generated by org.testng.reporters.JUnitReportReporter -->
<testsuite hostname="Jatins-MacBook-Pro.local" failures="0" tests="1" name="RealTime.ForgetPwdTest" time="6.409" errors="0" timestamp="2021-07-29T18:45:12 CDT" skipped="0">
  <testcase classname="RealTime.ForgetPwdTest" name="getForgetPassword" time="6.409"/>
  <system-out/>
</testsuite> <!-- RealTime.ForgetPwdTest -->
