<?xml version="1.0" encoding="UTF-8"?>
<!-- Generated by org.testng.reporters.JUnitReportReporter -->
<testsuite hostname="Jatins-MacBook-Pro.local" failures="0" tests="1" name="RealTime.ForgetPwdTest" time="5.394" errors="0" timestamp="2021-07-30T15:08:55 CDT" skipped="0">
  <testcase classname="RealTime.ForgetPwdTest" name="getForgetPassword" time="5.394"/>
  <system-out/>
</testsuite> <!-- RealTime.ForgetPwdTest -->
