<?xml version="1.0" encoding="UTF-8"?>
<!-- Generated by org.testng.reporters.JUnitReportReporter -->
<testsuite hostname="Jatins-MacBook-Pro.local" failures="0" tests="2" name="RealTime.HomePage" time="10.858" errors="0" timestamp="2021-07-30T15:08:55 CDT" skipped="0">
  <testcase classname="RealTime.HomePage" name="homePageNavigation" time="8.134"/>
  <system-out/>
  <testcase classname="RealTime.HomePage" name="homePageNavigation" time="2.724"/>
  <system-out/>
</testsuite> <!-- RealTime.HomePage -->
