<?xml version="1.0" encoding="UTF-8"?>
<!-- Generated by org.testng.reporters.JUnitReportReporter -->
<testsuite hostname="Jatins-MacBook-Pro.local" failures="0" tests="1" name="RealTime.Validation" time="2.027" errors="0" timestamp="2021-07-29T18:45:12 CDT" skipped="0">
  <testcase classname="RealTime.Validation" name="validateAppTitle" time="2.027"/>
  <system-out/>
</testsuite> <!-- RealTime.Validation -->
