<?xml version="1.0" encoding="UTF-8"?>
<!-- Generated by org.testng.reporters.JUnitReportReporter -->
<testsuite hostname="Jatins-MacBook-Pro.local" failures="0" tests="1" name="RealTime.ValidatingHeader" time="0.069" errors="0" timestamp="2021-07-29T18:45:12 CDT" skipped="0">
  <testcase classname="RealTime.ValidatingHeader" name="validateNavBar" time="0.069"/>
  <system-out/>
</testsuite> <!-- RealTime.ValidatingHeader -->
