<?xml version="1.0" encoding="UTF-8"?>
<!-- Generated by org.testng.reporters.JUnitReportReporter -->
<testsuite hostname="Jatins-MacBook-Pro.local" failures="0" tests="1" name="RealTime.PracticeProjectTest" time="0.933" errors="0" timestamp="2021-07-30T15:08:55 CDT" skipped="0">
  <testcase classname="RealTime.PracticeProjectTest" name="practiceProject" time="0.933"/>
  <system-out/>
</testsuite> <!-- RealTime.PracticeProjectTest -->
