<?xml version="1.0" encoding="UTF-8"?>
<!-- Generated by org.testng.reporters.JUnitReportReporter -->
<testsuite hostname="Jatins-MacBook-Pro.local" failures="0" tests="2" name="RealTime.HomePage" time="14.089" errors="0" timestamp="2021-07-29T18:45:12 CDT" skipped="0">
  <testcase classname="RealTime.HomePage" name="homePageNavigation" time="10.673"/>
  <system-out/>
  <testcase classname="RealTime.HomePage" name="homePageNavigation" time="3.416"/>
  <system-out/>
</testsuite> <!-- RealTime.HomePage -->
